# JRE version: Java(TM) SE Runtime Environment (7.0_51-b13) (build 1.7.0_51-b13)
# Java VM: Java HotSpot(TM) 64-Bit Server VM (24.51-b03 mixed mode bsd-amd64 compressed oops)
Heap
 PSYoungGen      total 25600K, used 24054K [0x0000000169d00000, 0x000000016be80000, 0x0000000194800000)
  eden space 24064K, 95% used [0x0000000169d00000,0x000000016b36cc40,0x000000016b480000)
  from space 1536K, 71% used [0x000000016b480000,0x000000016b590ed0,0x000000016b600000)
  to   space 5120K, 0% used [0x000000016b980000,0x000000016b980000,0x000000016be80000)
 ParOldGen       total 87040K, used 22927K [0x0000000114800000, 0x0000000119d00000, 0x0000000169d00000)
  object space 87040K, 26% used [0x0000000114800000,0x0000000115e63fd0,0x0000000119d00000)
 PSPermGen       total 38400K, used 37907K [0x000000010f600000, 0x0000000111b80000, 0x0000000114800000)
  object space 38400K, 98% used [0x000000010f600000,0x0000000111b04ff8,0x0000000111b80000)
GC Heap History (10 events):
Event: 6334.516 GC heap before
{Heap before GC invocations=29 (full 0):
 PSYoungGen      total 30208K, used 25504K [0x0000000169d00000, 0x000000016c180000, 0x0000000194800000)
  eden space 24064K, 100% used [0x0000000169d00000,0x000000016b480000,0x000000016b480000)
  from space 6144K, 23% used [0x000000016bb80000,0x000000016bce8000,0x000000016c180000)
  to   space 6656K, 0% used [0x000000016b480000,0x000000016b480000,0x000000016bb00000)
 ParOldGen       total 87040K, used 22057K [0x0000000114800000, 0x0000000119d00000, 0x0000000169d00000)
  object space 87040K, 25% used [0x0000000114800000,0x0000000115d8a630,0x0000000119d00000)
 PSPermGen       total 37888K, used 37571K [0x000000010f600000, 0x0000000111b00000, 0x0000000114800000)
  object space 37888K, 99% used [0x000000010f600000,0x0000000111ab0d70,0x0000000111b00000)
Event: 6334.520 GC heap after
Heap after GC invocations=29 (full 0):
 PSYoungGen      total 26112K, used 1576K [0x0000000169d00000, 0x000000016c080000, 0x0000000194800000)
  eden space 24064K, 0% used [0x0000000169d00000,0x0000000169d00000,0x000000016b480000)
  from space 2048K, 76% used [0x000000016b480000,0x000000016b60a240,0x000000016b680000)
  to   space 6144K, 0% used [0x000000016ba80000,0x000000016ba80000,0x000000016c080000)
 ParOldGen       total 87040K, used 22406K [0x0000000114800000, 0x0000000119d00000, 0x0000000169d00000)
  object space 87040K, 25% used [0x0000000114800000,0x0000000115de1a90,0x0000000119d00000)
 PSPermGen       total 37888K, used 37571K [0x000000010f600000, 0x0000000111b00000, 0x0000000114800000)
  object space 37888K, 99% used [0x000000010f600000,0x0000000111ab0d70,0x0000000111b00000)
}
Event: 6334.734 GC heap before
{Heap before GC invocations=30 (full 0):
 PSYoungGen      total 26112K, used 25640K [0x0000000169d00000, 0x000000016c080000, 0x0000000194800000)
  eden space 24064K, 100% used [0x0000000169d00000,0x000000016b480000,0x000000016b480000)
  from space 2048K, 76% used [0x000000016b480000,0x000000016b60a240,0x000000016b680000)
  to   space 6144K, 0% used [0x000000016ba80000,0x000000016ba80000,0x000000016c080000)
 ParOldGen       total 87040K, used 22406K [0x0000000114800000, 0x0000000119d00000, 0x0000000169d00000)
  object space 87040K, 25% used [0x0000000114800000,0x0000000115de1a90,0x0000000119d00000)
 PSPermGen       total 37888K, used 37609K [0x000000010f600000, 0x0000000111b00000, 0x0000000114800000)
  object space 37888K, 99% used [0x000000010f600000,0x0000000111aba508,0x0000000111b00000)
Event: 6334.737 GC heap after
Heap after GC invocations=30 (full 0):
 PSYoungGen      total 30208K, used 979K [0x0000000169d00000, 0x000000016c080000, 0x0000000194800000)
  eden space 24064K, 0% used [0x0000000169d00000,0x0000000169d00000,0x000000016b480000)
  from space 6144K, 15% used [0x000000016ba80000,0x000000016bb74ec0,0x000000016c080000)
  to   space 6144K, 0% used [0x000000016b480000,0x000000016b480000,0x000000016ba80000)
 ParOldGen       total 87040K, used 22519K [0x0000000114800000, 0x0000000119d00000, 0x0000000169d00000)
  object space 87040K, 25% used [0x0000000114800000,0x0000000115dfddf0,0x0000000119d00000)
 PSPermGen       total 37888K, used 37609K [0x000000010f600000, 0x0000000111b00000, 0x0000000114800000)
  object space 37888K, 99% used [0x000000010f600000,0x0000000111aba508,0x0000000111b00000)
}
Event: 6371.485 GC heap before
{Heap before GC invocations=31 (full 0):
 PSYoungGen      total 30208K, used 25043K [0x0000000169d00000, 0x000000016c080000, 0x0000000194800000)
  eden space 24064K, 100% used [0x0000000169d00000,0x000000016b480000,0x000000016b480000)
  from space 6144K, 15% used [0x000000016ba80000,0x000000016bb74ec0,0x000000016c080000)
  to   space 6144K, 0% used [0x000000016b480000,0x000000016b480000,0x000000016ba80000)
 ParOldGen       total 87040K, used 22519K [0x0000000114800000, 0x0000000119d00000, 0x0000000169d00000)
  object space 87040K, 25% used [0x0000000114800000,0x0000000115dfddf0,0x0000000119d00000)
 PSPermGen       total 37888K, used 37749K [0x000000010f600000, 0x0000000111b00000, 0x0000000114800000)
  object space 37888K, 99% used [0x000000010f600000,0x0000000111add620,0x0000000111b00000)
Event: 6371.488 GC heap after
Heap after GC invocations=31 (full 0):
 PSYoungGen      total 25600K, used 1226K [0x0000000169d00000, 0x000000016bf80000, 0x0000000194800000)
  eden space 24064K, 0% used [0x0000000169d00000,0x0000000169d00000,0x000000016b480000)
  from space 1536K, 79% used [0x000000016b480000,0x000000016b5b28a0,0x000000016b600000)
  to   space 5632K, 0% used [0x000000016ba00000,0x000000016ba00000,0x000000016bf80000)
 ParOldGen       total 87040K, used 22571K [0x0000000114800000, 0x0000000119d00000, 0x0000000169d00000)
  object space 87040K, 25% used [0x0000000114800000,0x0000000115e0ae80,0x0000000119d00000)
 PSPermGen       total 37888K, used 37749K [0x000000010f600000, 0x0000000111b00000, 0x0000000114800000)
  object space 37888K, 99% used [0x000000010f600000,0x0000000111add620,0x0000000111b00000)
}
Event: 6371.649 GC heap before
{Heap before GC invocations=32 (full 0):
 PSYoungGen      total 25600K, used 25290K [0x0000000169d00000, 0x000000016bf80000, 0x0000000194800000)
  eden space 24064K, 100% used [0x0000000169d00000,0x000000016b480000,0x000000016b480000)
  from space 1536K, 79% used [0x000000016b480000,0x000000016b5b28a0,0x000000016b600000)
  to   space 5632K, 0% used [0x000000016ba00000,0x000000016ba00000,0x000000016bf80000)
 ParOldGen       total 87040K, used 22571K [0x0000000114800000, 0x0000000119d00000, 0x0000000169d00000)
  object space 87040K, 25% used [0x0000000114800000,0x0000000115e0ae80,0x0000000119d00000)
 PSPermGen       total 37888K, used 37756K [0x000000010f600000, 0x0000000111b00000, 0x0000000114800000)
  object space 37888K, 99% used [0x000000010f600000,0x0000000111adf280,0x0000000111b00000)
Event: 6371.651 GC heap after
Heap after GC invocations=32 (full 0):
 PSYoungGen      total 29696K, used 1159K [0x0000000169d00000, 0x000000016bf80000, 0x0000000194800000)
  eden space 24064K, 0% used [0x0000000169d00000,0x0000000169d00000,0x000000016b480000)
  from space 5632K, 20% used [0x000000016ba00000,0x000000016bb21dd0,0x000000016bf80000)
  to   space 5632K, 0% used [0x000000016b480000,0x000000016b480000,0x000000016ba00000)
 ParOldGen       total 87040K, used 22887K [0x0000000114800000, 0x0000000119d00000, 0x0000000169d00000)
  object space 87040K, 26% used [0x0000000114800000,0x0000000115e59fd0,0x0000000119d00000)
 PSPermGen       total 37888K, used 37756K [0x000000010f600000, 0x0000000111b00000, 0x0000000114800000)
  object space 37888K, 99% used [0x000000010f600000,0x0000000111adf280,0x0000000111b00000)
}
Event: 6395.579 GC heap before
{Heap before GC invocations=33 (full 0):
 PSYoungGen      total 29696K, used 25223K [0x0000000169d00000, 0x000000016bf80000, 0x0000000194800000)
  eden space 24064K, 100% used [0x0000000169d00000,0x000000016b480000,0x000000016b480000)
  from space 5632K, 20% used [0x000000016ba00000,0x000000016bb21dd0,0x000000016bf80000)
  to   space 5632K, 0% used [0x000000016b480000,0x000000016b480000,0x000000016ba00000)
 ParOldGen       total 87040K, used 22887K [0x0000000114800000, 0x0000000119d00000, 0x0000000169d00000)
  object space 87040K, 26% used [0x0000000114800000,0x0000000115e59fd0,0x0000000119d00000)
 PSPermGen       total 37888K, used 37822K [0x000000010f600000, 0x0000000111b00000, 0x0000000114800000)
  object space 37888K, 99% used [0x000000010f600000,0x0000000111aef9b8,0x0000000111b00000)
Event: 6395.581 GC heap after
Heap after GC invocations=33 (full 0):
 PSYoungGen      total 25600K, used 1091K [0x0000000169d00000, 0x000000016be80000, 0x0000000194800000)
  eden space 24064K, 0% used [0x0000000169d00000,0x0000000169d00000,0x000000016b480000)
  from space 1536K, 71% used [0x000000016b480000,0x000000016b590ed0,0x000000016b600000)
  to   space 5120K, 0% used [0x000000016b980000,0x000000016b980000,0x000000016be80000)
 ParOldGen       total 87040K, used 22927K [0x0000000114800000, 0x0000000119d00000, 0x0000000169d00000)
  object space 87040K, 26% used [0x0000000114800000,0x0000000115e63fd0,0x0000000119d00000)
 PSPermGen       total 37888K, used 37822K [0x000000010f600000, 0x0000000111b00000, 0x0000000114800000)
  object space 37888K, 99% used [0x000000010f600000,0x0000000111aef9b8,0x0000000111b00000)
}

